<?xml version="1.0" encoding="UTF-8"?>
<!-- Generated by org.testng.reporters.JUnitXMLReporter -->
<testsuite ignored="0" hostname="BSOFT-CH-2A-S-07" failures="1" tests="1" name="Default test" time="18.063" errors="0" timestamp="2025-12-23T17:05:36 IST">
  <testcase classname="com.playwright.playwright_java.LoginTest" name="testLogin" time="11.845">
    <failure type="com.microsoft.playwright.TimeoutError" message="Error {
  message=&amp;apos;Timeout 10000ms exceeded.
  name=&amp;apos;TimeoutError
  stack=&amp;apos;TimeoutError: Timeout 10000ms exceeded.
    at ProgressController.run (C:\Users\Bsoft\AppData\Local\Temp\playwright-java-15499628673224555550\package\lib\server\progress.js:78:26)
    at Frame.waitForSelector (C:\Users\Bsoft\AppData\Local\Temp\playwright-java-15499628673224555550\package\lib\server\frames.js:619:23)
    at FrameDispatcher.waitForSelector (C:\Users\Bsoft\AppData\Local\Temp\playwright-java-15499628673224555550\package\lib\server\dispatchers\frameDispatcher.js:106:103)
    at FrameDispatcher._handleCommand (C:\Users\Bsoft\AppData\Local\Temp\playwright-java-15499628673224555550\package\lib\server\dispatchers\dispatcher.js:94:40)
    at DispatcherConnection.dispatch (C:\Users\Bsoft\AppData\Local\Temp\playwright-java-15499628673224555550\package\lib\server\dispatchers\dispatcher.js:361:39)
}
Call log:
- waiting for locator(&amp;quot;#mobile&amp;quot;) to be visible
">
      <![CDATA[com.microsoft.playwright.TimeoutError: Error {
  message='Timeout 10000ms exceeded.
  name='TimeoutError
  stack='TimeoutError: Timeout 10000ms exceeded.
    at ProgressController.run (C:\Users\Bsoft\AppData\Local\Temp\playwright-java-15499628673224555550\package\lib\server\progress.js:78:26)
    at Frame.waitForSelector (C:\Users\Bsoft\AppData\Local\Temp\playwright-java-15499628673224555550\package\lib\server\frames.js:619:23)
    at FrameDispatcher.waitForSelector (C:\Users\Bsoft\AppData\Local\Temp\playwright-java-15499628673224555550\package\lib\server\dispatchers\frameDispatcher.js:106:103)
    at FrameDispatcher._handleCommand (C:\Users\Bsoft\AppData\Local\Temp\playwright-java-15499628673224555550\package\lib\server\dispatchers\dispatcher.js:94:40)
    at DispatcherConnection.dispatch (C:\Users\Bsoft\AppData\Local\Temp\playwright-java-15499628673224555550\package\lib\server\dispatchers\dispatcher.js:361:39)
}
Call log:
- waiting for locator("#mobile") to be visible

at com.microsoft.playwright.impl.WaitableResult.get(WaitableResult.java:52)
at com.microsoft.playwright.impl.ChannelOwner.runUntil(ChannelOwner.java:120)
at com.microsoft.playwright.impl.Connection.sendMessage(Connection.java:130)
at com.microsoft.playwright.impl.ChannelOwner.sendMessage(ChannelOwner.java:106)
at com.microsoft.playwright.impl.FrameImpl.waitForSelectorImpl(FrameImpl.java:1060)
at com.microsoft.playwright.impl.LocatorImpl.lambda$waitForImpl$7(LocatorImpl.java:619)
at com.microsoft.playwright.impl.LoggingSupport.withLogging(LoggingSupport.java:47)
at com.microsoft.playwright.impl.ChannelOwner.withLogging(ChannelOwner.java:89)
at com.microsoft.playwright.impl.LocatorImpl.waitForImpl(LocatorImpl.java:619)
at com.microsoft.playwright.impl.LocatorImpl.waitFor(LocatorImpl.java:615)
at com.playwright.playwright_java.Pageobject.enterMobileNumber(Pageobject.java:31)
at com.playwright.playwright_java.LoginTest.testLogin(LoginTest.java:14)
at java.base/jdk.internal.reflect.NativeMethodAccessorImpl.invoke0(Native Method)
at java.base/jdk.internal.reflect.NativeMethodAccessorImpl.invoke(NativeMethodAccessorImpl.java:77)
at java.base/jdk.internal.reflect.DelegatingMethodAccessorImpl.invoke(DelegatingMethodAccessorImpl.java:43)
at java.base/java.lang.reflect.Method.invoke(Method.java:568)
at org.testng.internal.invokers.MethodInvocationHelper.invokeMethod(MethodInvocationHelper.java:139)
at org.testng.internal.invokers.TestInvoker.invokeMethod(TestInvoker.java:664)
at org.testng.internal.invokers.TestInvoker.invokeTestMethod(TestInvoker.java:227)
at org.testng.internal.invokers.MethodRunner.runInSequence(MethodRunner.java:50)
at org.testng.internal.invokers.TestInvoker$MethodInvocationAgent.invoke(TestInvoker.java:957)
at org.testng.internal.invokers.TestInvoker.invokeTestMethods(TestInvoker.java:200)
at org.testng.internal.invokers.TestMethodWorker.invokeTestMethods(TestMethodWorker.java:148)
at org.testng.internal.invokers.TestMethodWorker.run(TestMethodWorker.java:128)
at java.base/java.util.ArrayList.forEach(ArrayList.java:1511)
at org.testng.TestRunner.privateRun(TestRunner.java:848)
at org.testng.TestRunner.run(TestRunner.java:621)
at org.testng.SuiteRunner.runTest(SuiteRunner.java:443)
at org.testng.SuiteRunner.runSequentially(SuiteRunner.java:437)
at org.testng.SuiteRunner.privateRun(SuiteRunner.java:397)
at org.testng.SuiteRunner.run(SuiteRunner.java:336)
at org.testng.SuiteRunnerWorker.runSuite(SuiteRunnerWorker.java:52)
at org.testng.SuiteRunnerWorker.run(SuiteRunnerWorker.java:95)
at org.testng.TestNG.runSuitesSequentially(TestNG.java:1280)
at org.testng.TestNG.runSuitesLocally(TestNG.java:1200)
at org.testng.TestNG.runSuites(TestNG.java:1114)
at org.testng.TestNG.run(TestNG.java:1082)
at org.testng.remote.AbstractRemoteTestNG.run(AbstractRemoteTestNG.java:115)
at org.testng.remote.RemoteTestNG.initAndRun(RemoteTestNG.java:293)
at org.testng.remote.RemoteTestNG.main(RemoteTestNG.java:91)
Caused by: com.microsoft.playwright.TimeoutError: Error {
  message='Timeout 10000ms exceeded.
  name='TimeoutError
  stack='TimeoutError: Timeout 10000ms exceeded.
    at ProgressController.run (C:\Users\Bsoft\AppData\Local\Temp\playwright-java-15499628673224555550\package\lib\server\progress.js:78:26)
    at Frame.waitForSelector (C:\Users\Bsoft\AppData\Local\Temp\playwright-java-15499628673224555550\package\lib\server\frames.js:619:23)
    at FrameDispatcher.waitForSelector (C:\Users\Bsoft\AppData\Local\Temp\playwright-java-15499628673224555550\package\lib\server\dispatchers\frameDispatcher.js:106:103)
    at FrameDispatcher._handleCommand (C:\Users\Bsoft\AppData\Local\Temp\playwright-java-15499628673224555550\package\lib\server\dispatchers\dispatcher.js:94:40)
    at DispatcherConnection.dispatch (C:\Users\Bsoft\AppData\Local\Temp\playwright-java-15499628673224555550\package\lib\server\dispatchers\dispatcher.js:361:39)
}
Call log:
- waiting for locator("#mobile") to be visible

at com.microsoft.playwright.impl.Connection.dispatch(Connection.java:254)
at com.microsoft.playwright.impl.Connection.processOneMessage(Connection.java:211)
at com.microsoft.playwright.impl.ChannelOwner.runUntil(ChannelOwner.java:118)
... 38 more
]]>
    </failure>
  </testcase> <!-- testLogin -->
</testsuite> <!-- Default test -->
