<?xml version="1.0" encoding="UTF-8"?>
<testng-results ignored="0" total="2" passed="2" failed="0" skipped="0">
  <reporter-output>
  </reporter-output>
  <suite started-at="2025-12-29T15:11:14 IST" name="Playwright Suite" finished-at="2025-12-29T15:12:30 IST" duration-ms="76000">
    <groups>
    </groups>
    <test started-at="2025-12-29T15:11:14 IST" name="Playwright Tests" finished-at="2025-12-29T15:12:30 IST" duration-ms="76000">
      <class name="com.playwright.playwright_java.LoginTest">
        <test-method is-config="true" signature="setup()[pri:0, instance:com.playwright.playwright_java.LoginTest@443118b0]" started-at="2025-12-29T15:11:15 IST" name="setup" finished-at="2025-12-29T15:11:19 IST" duration-ms="4817" status="PASS">
          <reporter-output>
          </reporter-output>
        </test-method> <!-- setup -->
        <test-method signature="loginFlowTest()[pri:1, instance:com.playwright.playwright_java.LoginTest@443118b0]" started-at="2025-12-29T15:11:19 IST" name="loginFlowTest" finished-at="2025-12-29T15:11:59 IST" duration-ms="39637" status="PASS">
          <reporter-output>
          </reporter-output>
        </test-method> <!-- loginFlowTest -->
        <test-method signature="dashboardAndProfileTest()[pri:2, instance:com.playwright.playwright_java.LoginTest@443118b0]" started-at="2025-12-29T15:11:59 IST" name="dashboardAndProfileTest" finished-at="2025-12-29T15:12:30 IST" depends-on-methods="com.playwright.playwright_java.LoginTest.loginFlowTest" duration-ms="31192" status="PASS">
          <reporter-output>
          </reporter-output>
        </test-method> <!-- dashboardAndProfileTest -->
        <test-method is-config="true" signature="tearDown()[pri:0, instance:com.playwright.playwright_java.LoginTest@443118b0]" started-at="2025-12-29T15:12:30 IST" name="tearDown" finished-at="2025-12-29T15:12:30 IST" duration-ms="276" status="PASS">
          <reporter-output>
          </reporter-output>
        </test-method> <!-- tearDown -->
      </class> <!-- com.playwright.playwright_java.LoginTest -->
    </test> <!-- Playwright Tests -->
  </suite> <!-- Playwright Suite -->
</testng-results>
