<?xml version="1.0" encoding="UTF-8"?>
<!-- Generated by org.testng.reporters.JUnitXMLReporter -->
<testsuite ignored="0" hostname="BSOFT-CH-2A-S-07" failures="0" tests="2" name="Playwright Tests" time="76.0" errors="0" timestamp="2025-12-29T15:12:30 IST">
  <testcase classname="com.playwright.playwright_java.LoginTest" name="loginFlowTest" time="39.637"/>
  <testcase classname="com.playwright.playwright_java.LoginTest" name="dashboardAndProfileTest" time="31.192"/>
</testsuite> <!-- Playwright Tests -->
