<?xml version="1.0" encoding="UTF-8"?>
<!-- Generated by org.testng.reporters.JUnitReportReporter -->
<testsuite hostname="BSOFT-CH-2A-S-07" failures="0" tests="2" name="com.playwright.playwright_java.LoginTest" time="70.829" errors="0" timestamp="2025-12-29T15:12:31 IST" skipped="0">
  <testcase classname="com.playwright.playwright_java.LoginTest" name="loginFlowTest" time="39.637"/>
  <testcase classname="com.playwright.playwright_java.LoginTest" name="dashboardAndProfileTest" time="31.192"/>
</testsuite> <!-- com.playwright.playwright_java.LoginTest -->
